<?xml version="1.0" encoding="UTF-8"?>
<!-- Generated by org.testng.reporters.JUnitReportReporter -->
<testsuite skipped="0" hostname="GVSSWAROOP" name="com.testcases.GetRequest" tests="1" failures="0" timestamp="2020-05-14T19:12:21 IST" time="14.599" errors="0">
  <testcase name="getWetherDetails" time="14.599" classname="com.testcases.GetRequest"/>
  <system-out/>
</testsuite> <!-- com.testcases.GetRequest -->
