<?xml version="1.0" encoding="UTF-8"?>
<!-- Generated by org.testng.reporters.JUnitReportReporter -->
<testsuite skipped="0" hostname="GVSSWAROOP" name="com.testcases.NewTest" tests="2" failures="0" timestamp="2020-05-14T17:02:43 IST" time="0.012" errors="0">
  <testcase name="f" time="0.004" classname="com.testcases.NewTest"/>
  <system-out/>
  <testcase name="f" time="0.008" classname="com.testcases.NewTest"/>
  <system-out/>
</testsuite> <!-- com.testcases.NewTest -->
