<?xml version="1.0" encoding="UTF-8"?>
<!-- Generated by org.testng.reporters.JUnitReportReporter -->
<testsuite skipped="0" hostname="GVSSWAROOP" name="com.testcases.PutRequest" tests="1" failures="0" timestamp="2020-05-13T18:25:20 IST" time="24.092" errors="0">
  <testcase name="testPutRequest" time="24.092" classname="com.testcases.PutRequest"/>
  <system-out/>
</testsuite> <!-- com.testcases.PutRequest -->
